<?xml version="1.0" encoding="UTF-8"?>
<!-- Generated by org.testng.reporters.JUnitXMLReporter -->
<testsuite hostname="Sai-PC" name="Test" tests="4" failures="0" timestamp="29 Nov 2016 06:08:00 GMT" time="63.37" errors="0">
  <testcase name="loginTest" time="24.863" classname="day20.testsuite.Login"/>
  <testcase name="addEmpTest" time="7.136" classname="day20.testsuite.AddEmployee"/>
  <testcase name="deleteEmpTest" time="30.458" classname="day20.testsuite.DeleteEmployee"/>
  <testcase name="logoutTest" time="0.787" classname="day20.testsuite.Logout"/>
</testsuite> <!-- Test -->
