<?xml version="1.0" encoding="UTF-8"?>
<!-- Generated by org.testng.reporters.JUnitXMLReporter -->
<testsuite hostname="Sai-PC" name="End to End Testing" tests="4" failures="0" timestamp="16 Nov 2016 05:33:11 GMT" time="61.035" errors="0">
  <testcase name="loginTest" time="20.444" classname="day20.testsuite.Login"/>
  <testcase name="addEmpTest" time="5.689" classname="day20.testsuite.AddEmployee"/>
  <testcase name="deleteEmpTest" time="33.977" classname="day20.testsuite.DeleteEmployee"/>
  <testcase name="logoutTest" time="0.827" classname="day20.testsuite.Logout"/>
</testsuite> <!-- End to End Testing -->
